[0 … 99]
0: -0
1: 0
2: -1
3: -0
4: 0
5: -1
6: -0
7: 0
8: -1
9: 0
10: 0
11: -1
12: 0
13: 0
14: -1
15: 0
16: 0
17: -1
18: 0
19: 0
20: 1
21: 0
22: 0
23: 1
24: 0
25: 0
26: 1
27: -0
28: 0
29: 1
30: -0
31: 0
32: 1
33: -0
34: 0
35: 1
36: -0.8300015926361084
37: 0.5577610731124878
38: 0
39: -0.8300015926361084
40: 0.5577610731124878
41: 0
42: -0.8300015926361084
43: 0.5577610731124878
44: 0
45: -0.8300015926361084
46: 0.5577610731124878
47: 0
48: -0.8300015926361084
49: 0.5577610731124878
50: 0
51: -0.8300015926361084
52: 0.5577610731124878
53: 0
54: -0.33896440267562866
55: -0.9407991766929626
56: 0
57: -0.33896440267562866
58: -0.9407991766929626
59: 0
60: -0.33896440267562866
61: -0.9407991766929626
62: 0
63: -0.33896440267562866
64: -0.9407991766929626
65: -0
66: -0.33896440267562866
67: -0.9407991766929626
68: -0
69: -0.33896440267562866
70: -0.9407991766929626
71: -0
72: 0.7525767087936401
73: -0.6585046052932739
74: 0
75: 0.7525767087936401
76: -0.6585046052932739
77: 0
78: 0.7525767087936401
79: -0.6585046052932739
80: 0
81: 0.7525767087936401
82: -0.6585046052932739
83: 0
84: 0.7525767087936401
85: -0.6585046052932739
86: 0
87: 0.7525767087936401
88: -0.6585046052932739
89: 0
90: 0.4975121319293976
91: 0.8674570322036743
92: 0
93: 0.4975121319293976
94: 0.8674570322036743
95: 0
96: 0.4975121319293976
97: 0.8674570322036743
98: 0
99: 0.4975121319293976
[100 … 107]
100: 0.8674570322036743
101: 0
102: 0.4975121319293976
103: 0.8674570322036743
104: 0
105: 0.4975121319293976
106: 0.8674570322036743
107: 0